
2023-11-28 08:41:06 | INFO | fairseq.tasks.text_to_speech | Please install tensorboardX: pip install tensorboardX
2023-11-28 08:41:09 | INFO | fairseq_cli.train | {'_name': None, 'common': {'_name': None, 'no_progress_bar': False, 'log_interval': 100, 'log_format': None, 'log_file': None, 'aim_repo': None, 'aim_run_hash': None, 'tensorboard_logdir': None, 'wandb_project': None, 'azureml_logging': False, 'seed': 1, 'cpu': False, 'tpu': False, 'bf16': False, 'memory_efficient_bf16': False, 'fp16': True, 'memory_efficient_fp16': False, 'fp16_no_flatten_grads': False, 'fp16_init_scale': 128, 'fp16_scale_window': None, 'fp16_scale_tolerance': 0.0, 'on_cpu_convert_precision': False, 'min_loss_scale': 0.0001, 'threshold_loss_scale': None, 'amp': False, 'amp_batch_retries': 2, 'amp_init_scale': 128, 'amp_scale_window': None, 'user_dir': None, 'empty_cache_freq': 0, 'all_gather_list_size': 16384, 'model_parallel_size': 1, 'quantization_config_path': None, 'profile': False, 'reset_logging': False, 'suppress_crashes': False, 'use_plasma_view': False, 'plasma_path': '/tmp/plasma'}, 'common_eval': {'_name': None, 'path': None, 'post_process': None, 'quiet': False, 'model_overrides': '{}', 'results_path': None}, 'distributed_training': {'_name': None, 'distributed_world_size': 1, 'distributed_num_procs': 0, 'distributed_rank': 0, 'distributed_backend': 'nccl', 'distributed_init_method': None, 'distributed_port': -1, 'device_id': 0, 'distributed_no_spawn': False, 'ddp_backend': 'pytorch_ddp', 'ddp_comm_hook': 'none', 'bucket_cap_mb': 25, 'fix_batches_to_gpus': False, 'find_unused_parameters': False, 'gradient_as_bucket_view': False, 'fast_stat_sync': False, 'heartbeat_timeout': -1, 'broadcast_buffers': False, 'slowmo_momentum': None, 'slowmo_base_algorithm': 'localsgd', 'localsgd_frequency': 3, 'nprocs_per_node': 1, 'pipeline_model_parallel': False, 'pipeline_balance': None, 'pipeline_devices': None, 'pipeline_chunks': 0, 'pipeline_encoder_balance': None, 'pipeline_encoder_devices': None, 'pipeline_decoder_balance': None, 'pipeline_decoder_devices': None, 'pipeline_checkpoint': 'never', 'zero_sharding': 'none', 'fp16': True, 'memory_efficient_fp16': False, 'tpu': False, 'no_reshard_after_forward': False, 'fp32_reduce_scatter': False, 'cpu_offload': False, 'use_sharded_state': False, 'not_fsdp_flatten_parameters': False}, 'dataset': {'_name': None, 'num_workers': 8, 'skip_invalid_size_inputs_valid_test': False, 'max_tokens': 20000, 'batch_size': None, 'required_batch_size_multiple': 8, 'required_seq_len_multiple': 1, 'dataset_impl': None, 'data_buffer_size': 10, 'train_subset': 'train', 'valid_subset': 'dev', 'combine_valid_subsets': None, 'ignore_unused_valid_subsets': False, 'validate_interval': 1, 'validate_interval_updates': 0, 'validate_after_updates': 0, 'fixed_validation_seed': None, 'disable_validation': False, 'max_tokens_valid': 20000, 'batch_size_valid': None, 'max_valid_steps': None, 'curriculum': 0, 'gen_subset': 'test', 'num_shards': 1, 'shard_id': 0, 'grouped_shuffling': False, 'update_epoch_batch_itr': False, 'update_ordered_indices_seed': False}, 'optimization': {'_name': None, 'max_epoch': 0, 'max_update': 400000, 'stop_time_hours': 0.0, 'clip_norm': 10.0, 'sentence_avg': False, 'update_freq': [4], 'lr': [0.0005], 'stop_min_lr': -1.0, 'use_bmuf': False, 'skip_remainder_batch': False}, 'checkpoint': {'_name': None, 'save_dir': '/home/s2324992/S2ST-for-ALs/checkpoints', 'restore_file': 'checkpoint_last.pt', 'continue_once': None, 'finetune_from_model': None, 'reset_dataloader': False, 'reset_lr_scheduler': False, 'reset_meters': False, 'reset_optimizer': False, 'optimizer_overrides': '{}', 'save_interval': 1, 'save_interval_updates': 0, 'keep_interval_updates': -1, 'keep_interval_updates_pattern': -1, 'keep_last_epochs': -1, 'keep_best_checkpoints': -1, 'no_save': False, 'no_epoch_checkpoints': False, 'no_last_checkpoints': False, 'no_save_optimizer_state': False, 'best_checkpoint_metric': 'loss', 'maximize_best_checkpoint_metric': False, 'patience': -1, 'checkpoint_suffix': '', 'checkpoint_shard_count': 1, 'load_checkpoint_on_all_dp_ranks': False, 'write_checkpoints_asynchronously': False, 'model_parallel_size': 1}, 'bmuf': {'_name': None, 'block_lr': 1.0, 'block_momentum': 0.875, 'global_sync_iter': 50, 'warmup_iterations': 500, 'use_nbm': False, 'average_sync': False, 'distributed_world_size': 1}, 'generation': {'_name': None, 'beam': 5, 'nbest': 1, 'max_len_a': 0.0, 'max_len_b': 200, 'min_len': 1, 'match_source_len': False, 'unnormalized': False, 'no_early_stop': False, 'no_beamable_mm': False, 'lenpen': 1.0, 'unkpen': 0.0, 'replace_unk': None, 'sacrebleu': False, 'score_reference': False, 'prefix_size': 0, 'no_repeat_ngram_size': 0, 'sampling': False, 'sampling_topk': -1, 'sampling_topp': -1.0, 'constraints': None, 'temperature': 1.0, 'diverse_beam_groups': -1, 'diverse_beam_strength': 0.5, 'diversity_rate': -1.0, 'print_alignment': None, 'print_step': False, 'lm_path': None, 'lm_weight': 0.0, 'iter_decode_eos_penalty': 0.0, 'iter_decode_max_iter': 10, 'iter_decode_force_max_iter': False, 'iter_decode_with_beam': 1, 'iter_decode_with_external_reranker': False, 'retain_iter_history': False, 'retain_dropout': False, 'retain_dropout_modules': None, 'decoding_format': None, 'no_seed_provided': False, 'eos_token': None}, 'eval_lm': {'_name': None, 'output_word_probs': False, 'output_word_stats': False, 'context_window': 0, 'softmax_batch': 9223372036854775807}, 'interactive': {'_name': None, 'buffer_size': 0, 'input': '-'}, 'model': Namespace(_name='s2ut_transformer_fisher', activation_dropout=0.1, activation_fn='relu', adam_betas='(0.9,0.98)', adam_eps=1e-08, adaptive_input=False, adaptive_softmax_cutoff=None, adaptive_softmax_dropout=0, aim_repo=None, aim_run_hash=None, all_gather_list_size=16384, amp=False, amp_batch_retries=2, amp_init_scale=128, amp_scale_window=None, arch='s2ut_transformer_fisher', attention_dropout=0.1, azureml_logging=False, batch_size=None, batch_size_valid=None, best_checkpoint_metric='loss', bf16=False, bpe=None, broadcast_buffers=False, bucket_cap_mb=25, checkpoint_shard_count=1, checkpoint_suffix='', clip_norm=10.0, combine_valid_subsets=None, config_yaml='config.yaml', continue_once=None, conv_channels=1024, conv_kernel_sizes='5,5', cpu=False, cpu_offload=False, criterion='speech_to_unit', curriculum=0, data='/home/s2324992/S2ST-for-ALs/data/formatted', data_buffer_size=10, dataset_impl=None, ddp_backend='pytorch_ddp', ddp_comm_hook='none', decoder_attention_heads=8, decoder_embed_dim=256, decoder_ffn_embed_dim=2048, decoder_input_dim=256, decoder_layerdrop=0.0, decoder_layers=6, decoder_learned_pos=False, decoder_normalize_before=True, decoder_output_dim=256, device_id=0, disable_validation=False, distributed_backend='nccl', distributed_init_method=None, distributed_no_spawn=False, distributed_num_procs=1, distributed_port=-1, distributed_rank=0, distributed_world_size=1, dropout=0.1, ema_decay=0.9999, ema_fp32=False, ema_seed_model=None, ema_start_update=0, ema_update_freq=1, empty_cache_freq=0, encoder_attention_heads=4, encoder_embed_dim=256, encoder_ffn_embed_dim=2048, encoder_freezing_updates=0, encoder_layers=12, encoder_normalize_before=True, eos=2, eos_prob_threshold=0.5, eval_args='{}', eval_inference=False, fast_stat_sync=False, find_unused_parameters=False, finetune_from_model=None, fix_batches_to_gpus=False, fixed_validation_seed=None, fp16=True, fp16_adam_stats=False, fp16_init_scale=128, fp16_no_flatten_grads=False, fp16_scale_tolerance=0.0, fp16_scale_window=None, fp32_reduce_scatter=False, gen_subset='test', gradient_as_bucket_view=False, grouped_shuffling=False, heartbeat_timeout=-1, ignore_prefix_size=0, ignore_unused_valid_subsets=False, infer_target_lang='', keep_best_checkpoints=-1, keep_interval_updates=-1, keep_interval_updates_pattern=-1, keep_last_epochs=-1, label_smoothing=0.2, load_checkpoint_on_all_dp_ranks=False, localsgd_frequency=3, log_file=None, log_format=None, log_interval=100, lr=[0.0005], lr_scheduler='inverse_sqrt', max_epoch=0, max_source_positions=6000, max_target_positions=3000, max_tokens=20000, max_tokens_valid=20000, max_update=400000, max_valid_steps=None, maximize_best_checkpoint_metric=False, mcd_normalize_type='targ', memory_efficient_bf16=False, memory_efficient_fp16=False, min_loss_scale=0.0001, model_parallel_size=1, multitask_config_yaml=None, n_frames_per_step=1, no_epoch_checkpoints=False, no_last_checkpoints=False, no_progress_bar=False, no_reshard_after_forward=False, no_save=False, no_save_optimizer_state=False, no_scale_embedding=False, no_seed_provided=False, no_token_positional_embeddings=False, not_fsdp_flatten_parameters=False, nprocs_per_node=1, num_shards=1, num_workers=8, on_cpu_convert_precision=False, optimizer='adam', optimizer_overrides='{}', pad=1, patience=-1, pipeline_balance=None, pipeline_checkpoint='never', pipeline_chunks=0, pipeline_decoder_balance=None, pipeline_decoder_devices=None, pipeline_devices=None, pipeline_encoder_balance=None, pipeline_encoder_devices=None, pipeline_model_parallel=False, plasma_path='/tmp/plasma', profile=False, quant_noise_pq=0, quantization_config_path=None, report_accuracy=False, required_batch_size_multiple=8, required_seq_len_multiple=1, reset_dataloader=False, reset_logging=False, reset_lr_scheduler=False, reset_meters=False, reset_optimizer=False, restore_file='checkpoint_last.pt', save_dir='/home/s2324992/S2ST-for-ALs/checkpoints', save_interval=1, save_interval_updates=0, scoring='bleu', seed=1, sentence_avg=False, shard_id=0, share_decoder_input_output_embed=True, skip_invalid_size_inputs_valid_test=False, skip_remainder_batch=False, slowmo_base_algorithm='localsgd', slowmo_momentum=None, speaker_embed_dim=256, spec_bwd_max_iter=8, stop_min_lr=-1.0, stop_time_hours=0, store_ema=False, suppress_crashes=False, target_code_size=1000, target_is_code=True, task='speech_to_speech', tensorboard_logdir=None, threshold_loss_scale=None, tokenizer=None, tpu=False, train_subset='train', unk=3, update_epoch_batch_itr=False, update_freq=[4], update_ordered_indices_seed=False, use_bmuf=False, use_old_adam=False, use_plasma_view=False, use_sharded_state=False, user_dir=None, valid_subset='dev', validate_after_updates=0, validate_interval=1, validate_interval_updates=0, vocoder='code_hifigan', wandb_project=None, warmup_init_lr=1e-07, warmup_updates=10000, weight_decay=0.0, write_checkpoints_asynchronously=False, zero_sharding='none'), 'task': Namespace(_name='speech_to_speech', activation_dropout=0.1, activation_fn='relu', adam_betas='(0.9,0.98)', adam_eps=1e-08, adaptive_input=False, adaptive_softmax_cutoff=None, adaptive_softmax_dropout=0, aim_repo=None, aim_run_hash=None, all_gather_list_size=16384, amp=False, amp_batch_retries=2, amp_init_scale=128, amp_scale_window=None, arch='s2ut_transformer_fisher', attention_dropout=0.1, azureml_logging=False, batch_size=None, batch_size_valid=None, best_checkpoint_metric='loss', bf16=False, bpe=None, broadcast_buffers=False, bucket_cap_mb=25, checkpoint_shard_count=1, checkpoint_suffix='', clip_norm=10.0, combine_valid_subsets=None, config_yaml='config.yaml', continue_once=None, conv_channels=1024, conv_kernel_sizes='5,5', cpu=False, cpu_offload=False, criterion='speech_to_unit', curriculum=0, data='/home/s2324992/S2ST-for-ALs/data/formatted', data_buffer_size=10, dataset_impl=None, ddp_backend='pytorch_ddp', ddp_comm_hook='none', decoder_attention_heads=8, decoder_embed_dim=256, decoder_ffn_embed_dim=2048, decoder_input_dim=256, decoder_layerdrop=0.0, decoder_layers=6, decoder_learned_pos=False, decoder_normalize_before=True, decoder_output_dim=256, device_id=0, disable_validation=False, distributed_backend='nccl', distributed_init_method=None, distributed_no_spawn=False, distributed_num_procs=1, distributed_port=-1, distributed_rank=0, distributed_world_size=1, dropout=0.1, ema_decay=0.9999, ema_fp32=False, ema_seed_model=None, ema_start_update=0, ema_update_freq=1, empty_cache_freq=0, encoder_attention_heads=4, encoder_embed_dim=256, encoder_ffn_embed_dim=2048, encoder_freezing_updates=0, encoder_layers=12, encoder_normalize_before=True, eos=2, eos_prob_threshold=0.5, eval_args='{}', eval_inference=False, fast_stat_sync=False, find_unused_parameters=False, finetune_from_model=None, fix_batches_to_gpus=False, fixed_validation_seed=None, fp16=True, fp16_adam_stats=False, fp16_init_scale=128, fp16_no_flatten_grads=False, fp16_scale_tolerance=0.0, fp16_scale_window=None, fp32_reduce_scatter=False, gen_subset='test', gradient_as_bucket_view=False, grouped_shuffling=False, heartbeat_timeout=-1, ignore_prefix_size=0, ignore_unused_valid_subsets=False, infer_target_lang='', keep_best_checkpoints=-1, keep_interval_updates=-1, keep_interval_updates_pattern=-1, keep_last_epochs=-1, label_smoothing=0.2, load_checkpoint_on_all_dp_ranks=False, localsgd_frequency=3, log_file=None, log_format=None, log_interval=100, lr=[0.0005], lr_scheduler='inverse_sqrt', max_epoch=0, max_source_positions=6000, max_target_positions=3000, max_tokens=20000, max_tokens_valid=20000, max_update=400000, max_valid_steps=None, maximize_best_checkpoint_metric=False, mcd_normalize_type='targ', memory_efficient_bf16=False, memory_efficient_fp16=False, min_loss_scale=0.0001, model_parallel_size=1, multitask_config_yaml=None, n_frames_per_step=1, no_epoch_checkpoints=False, no_last_checkpoints=False, no_progress_bar=False, no_reshard_after_forward=False, no_save=False, no_save_optimizer_state=False, no_scale_embedding=False, no_seed_provided=False, no_token_positional_embeddings=False, not_fsdp_flatten_parameters=False, nprocs_per_node=1, num_shards=1, num_workers=8, on_cpu_convert_precision=False, optimizer='adam', optimizer_overrides='{}', pad=1, patience=-1, pipeline_balance=None, pipeline_checkpoint='never', pipeline_chunks=0, pipeline_decoder_balance=None, pipeline_decoder_devices=None, pipeline_devices=None, pipeline_encoder_balance=None, pipeline_encoder_devices=None, pipeline_model_parallel=False, plasma_path='/tmp/plasma', profile=False, quant_noise_pq=0, quantization_config_path=None, report_accuracy=False, required_batch_size_multiple=8, required_seq_len_multiple=1, reset_dataloader=False, reset_logging=False, reset_lr_scheduler=False, reset_meters=False, reset_optimizer=False, restore_file='checkpoint_last.pt', save_dir='/home/s2324992/S2ST-for-ALs/checkpoints', save_interval=1, save_interval_updates=0, scoring='bleu', seed=1, sentence_avg=False, shard_id=0, share_decoder_input_output_embed=True, skip_invalid_size_inputs_valid_test=False, skip_remainder_batch=False, slowmo_base_algorithm='localsgd', slowmo_momentum=None, speaker_embed_dim=256, spec_bwd_max_iter=8, stop_min_lr=-1.0, stop_time_hours=0, store_ema=False, suppress_crashes=False, target_code_size=1000, target_is_code=True, task='speech_to_speech', tensorboard_logdir=None, threshold_loss_scale=None, tokenizer=None, tpu=False, train_subset='train', unk=3, update_epoch_batch_itr=False, update_freq=[4], update_ordered_indices_seed=False, use_bmuf=False, use_old_adam=False, use_plasma_view=False, use_sharded_state=False, user_dir=None, valid_subset='dev', validate_after_updates=0, validate_interval=1, validate_interval_updates=0, vocoder='code_hifigan', wandb_project=None, warmup_init_lr=1e-07, warmup_updates=10000, weight_decay=0.0, write_checkpoints_asynchronously=False, zero_sharding='none'), 'criterion': {'_name': 'speech_to_unit', 'label_smoothing': 0.2, 'report_accuracy': False, 'ignore_prefix_size': 0, 'sentence_avg': False}, 'optimizer': {'_name': 'adam', 'adam_betas': '(0.9,0.98)', 'adam_eps': 1e-08, 'weight_decay': 0.0, 'use_old_adam': False, 'fp16_adam_stats': False, 'tpu': False, 'lr': [0.0005]}, 'lr_scheduler': {'_name': 'inverse_sqrt', 'warmup_updates': 10000, 'warmup_init_lr': 1e-07, 'lr': [0.0005]}, 'scoring': {'_name': 'bleu', 'pad': 1, 'eos': 2, 'unk': 3}, 'bpe': None, 'tokenizer': None, 'ema': {'_name': None, 'store_ema': False, 'ema_decay': 0.9999, 'ema_start_update': 0, 'ema_seed_model': None, 'ema_update_freq': 1, 'ema_fp32': False}}
2023-11-28 08:41:09 | INFO | fairseq.tasks.speech_to_speech | dictionary size: 1,004
2023-11-28 08:41:10 | INFO | fairseq_cli.train | S2UTTransformerModel(
  (encoder): S2STransformerEncoder(
    (dropout_module): FairseqDropout()
    (subsample): Conv1dSubsampler(
      (conv_layers): ModuleList(
        (0): Conv1d(80, 1024, kernel_size=(5,), stride=(2,), padding=(2,))
        (1): Conv1d(512, 512, kernel_size=(5,), stride=(2,), padding=(2,))
      )
    )
    (embed_positions): SinusoidalPositionalEmbedding()
    (transformer_layers): ModuleList(
      (0-11): 12 x TransformerEncoderLayer(
        (self_attn): MultiheadAttention(
          (dropout_module): FairseqDropout()
          (k_proj): Linear(in_features=256, out_features=256, bias=True)
          (v_proj): Linear(in_features=256, out_features=256, bias=True)
          (q_proj): Linear(in_features=256, out_features=256, bias=True)
          (out_proj): Linear(in_features=256, out_features=256, bias=True)
        )
        (self_attn_layer_norm): LayerNorm((256,), eps=1e-05, elementwise_affine=True)
        (dropout_module): FairseqDropout()
        (activation_dropout_module): FairseqDropout()
        (fc1): Linear(in_features=256, out_features=2048, bias=True)
        (fc2): Linear(in_features=2048, out_features=256, bias=True)
        (final_layer_norm): LayerNorm((256,), eps=1e-05, elementwise_affine=True)
      )
    )
    (layer_norm): LayerNorm((256,), eps=1e-05, elementwise_affine=True)
  )
  (decoder): TransformerUnitDecoder(
    (dropout_module): FairseqDropout()
    (embed_tokens): StackedEmbedding(1004, 256, padding_idx=1)
    (embed_positions): SinusoidalPositionalEmbedding()
    (layers): ModuleList(
      (0-5): 6 x TransformerDecoderLayerBase(
        (dropout_module): FairseqDropout()
        (self_attn): MultiheadAttention(
          (dropout_module): FairseqDropout()
          (k_proj): Linear(in_features=256, out_features=256, bias=True)
          (v_proj): Linear(in_features=256, out_features=256, bias=True)
          (q_proj): Linear(in_features=256, out_features=256, bias=True)
          (out_proj): Linear(in_features=256, out_features=256, bias=True)
        )
        (activation_dropout_module): FairseqDropout()
        (self_attn_layer_norm): LayerNorm((256,), eps=1e-05, elementwise_affine=True)
        (encoder_attn): MultiheadAttention(
          (dropout_module): FairseqDropout()
          (k_proj): Linear(in_features=256, out_features=256, bias=True)
          (v_proj): Linear(in_features=256, out_features=256, bias=True)
          (q_proj): Linear(in_features=256, out_features=256, bias=True)
          (out_proj): Linear(in_features=256, out_features=256, bias=True)
        )
        (encoder_attn_layer_norm): LayerNorm((256,), eps=1e-05, elementwise_affine=True)
        (fc1): Linear(in_features=256, out_features=2048, bias=True)
        (fc2): Linear(in_features=2048, out_features=256, bias=True)
        (final_layer_norm): LayerNorm((256,), eps=1e-05, elementwise_affine=True)
      )
    )
    (layer_norm): LayerNorm((256,), eps=1e-05, elementwise_affine=True)
    (output_projection): Linear(in_features=256, out_features=1004, bias=False)
  )
)
2023-11-28 08:41:10 | INFO | fairseq_cli.train | task: SpeechToSpeechTask
2023-11-28 08:41:10 | INFO | fairseq_cli.train | model: S2UTTransformerModel
2023-11-28 08:41:10 | INFO | fairseq_cli.train | criterion: SpeechToUnitMultitaskTaskCriterion
2023-11-28 08:41:10 | INFO | fairseq_cli.train | num. shared model params: 43,001,856 (num. trained: 43,001,856)
2023-11-28 08:41:10 | INFO | fairseq_cli.train | num. expert model params: 0 (num. trained: 0)
2023-11-28 08:41:10 | INFO | fairseq.data.audio.speech_to_text_dataset | 'dev' has 0.00% OOV
2023-11-28 08:41:10 | INFO | fairseq.data.audio.speech_to_text_dataset | SpeechToSpeechDataset(split="dev", n_samples=280, prepend_tgt_lang_tag=False, shuffle=False, transforms=CompositeAudioFeatureTransform(
    UtteranceCMVN(norm_means=True, norm_vars=True)
), n_frames_per_step=1
2023-11-28 08:41:10 | INFO | fairseq.data.audio.speech_to_speech_dataset | SpeechToSpeechDataset(split="dev", n_samples=280, prepend_tgt_lang_tag=False, shuffle=False, transforms=CompositeAudioFeatureTransform(
    UtteranceCMVN(norm_means=True, norm_vars=True)
), n_frames_per_step=1
2023-11-28 08:41:10 | INFO | fairseq.trainer | detected shared parameter: decoder.embed_tokens.weight <- decoder.output_projection.weight
2023-11-28 08:41:10 | INFO | fairseq_cli.train | training on 1 devices (GPUs/TPUs)
2023-11-28 08:41:10 | INFO | fairseq_cli.train | max tokens per device = 20000 and max sentences per device = None
2023-11-28 08:41:10 | INFO | fairseq.trainer | Preparing to load checkpoint /home/s2324992/S2ST-for-ALs/checkpoints/checkpoint_last.pt
2023-11-28 08:41:10 | INFO | fairseq.trainer | No existing checkpoint found /home/s2324992/S2ST-for-ALs/checkpoints/checkpoint_last.pt
2023-11-28 08:41:10 | INFO | fairseq.trainer | loading train data for epoch 1
2023-11-28 08:41:12 | INFO | fairseq.data.audio.speech_to_text_dataset | 'train' has 0.00% OOV
2023-11-28 08:41:12 | INFO | fairseq.data.audio.speech_to_text_dataset | SpeechToSpeechDataset(split="train", n_samples=22_722, prepend_tgt_lang_tag=False, shuffle=False, transforms=CompositeAudioFeatureTransform(
    UtteranceCMVN(norm_means=True, norm_vars=True)
    SpecAugmentTransform(time_warp_w=0, freq_mask_n=1, freq_mask_f=27, time_mask_n=1, time_mask_t=100, time_mask_p=1.0)
), n_frames_per_step=1
2023-11-28 08:41:12 | INFO | fairseq.data.audio.speech_to_speech_dataset | SpeechToSpeechDataset(split="train", n_samples=22_722, prepend_tgt_lang_tag=False, shuffle=False, transforms=CompositeAudioFeatureTransform(
    UtteranceCMVN(norm_means=True, norm_vars=True)
    SpecAugmentTransform(time_warp_w=0, freq_mask_n=1, freq_mask_f=27, time_mask_n=1, time_mask_t=100, time_mask_p=1.0)
), n_frames_per_step=1
2023-11-28 08:41:12 | WARNING | fairseq.tasks.fairseq_task | 10 samples have invalid sizes and will be skipped, max_positions=(6000, 3000), first few sample ids=[4767, 2583, 2584, 6463, 6464, 16717, 14659, 16718, 4123, 4125]
Traceback (most recent call last):
  File "/home/s2324992/miniconda3/envs/test_fairseq/lib/python3.8/site-packages/fairseq/data/audio/audio_utils.py", line 98, in get_waveform
    import soundfile as sf
ModuleNotFoundError: No module named 'soundfile'

During handling of the above exception, another exception occurred:

Traceback (most recent call last):
  File "/home/s2324992/miniconda3/envs/test_fairseq/bin/fairseq-train", line 8, in <module>
    sys.exit(cli_main())
  File "/home/s2324992/miniconda3/envs/test_fairseq/lib/python3.8/site-packages/fairseq_cli/train.py", line 557, in cli_main
    distributed_utils.call_main(cfg, main)
  File "/home/s2324992/miniconda3/envs/test_fairseq/lib/python3.8/site-packages/fairseq/distributed/utils.py", line 369, in call_main
    main(cfg, **kwargs)
  File "/home/s2324992/miniconda3/envs/test_fairseq/lib/python3.8/site-packages/fairseq_cli/train.py", line 164, in main
    extra_state, epoch_itr = checkpoint_utils.load_checkpoint(
  File "/home/s2324992/miniconda3/envs/test_fairseq/lib/python3.8/site-packages/fairseq/checkpoint_utils.py", line 272, in load_checkpoint
    epoch_itr = trainer.get_train_iterator(
  File "/home/s2324992/miniconda3/envs/test_fairseq/lib/python3.8/site-packages/fairseq/trainer.py", line 719, in get_train_iterator
    self.reset_dummy_batch(batch_iterator.first_batch)
  File "/home/s2324992/miniconda3/envs/test_fairseq/lib/python3.8/site-packages/fairseq/data/iterators.py", line 368, in first_batch
    return self.collate_fn([self.dataset[i] for i in self.frozen_batches[0]])
  File "/home/s2324992/miniconda3/envs/test_fairseq/lib/python3.8/site-packages/fairseq/data/iterators.py", line 368, in <listcomp>
    return self.collate_fn([self.dataset[i] for i in self.frozen_batches[0]])
  File "/home/s2324992/miniconda3/envs/test_fairseq/lib/python3.8/site-packages/fairseq/data/audio/speech_to_speech_dataset.py", line 111, in __getitem__
    source = self._get_source_audio(index)
  File "/home/s2324992/miniconda3/envs/test_fairseq/lib/python3.8/site-packages/fairseq/data/audio/speech_to_text_dataset.py", line 179, in _get_source_audio
    source = get_features_or_waveform(
  File "/home/s2324992/miniconda3/envs/test_fairseq/lib/python3.8/site-packages/fairseq/data/audio/audio_utils.py", line 171, in get_features_or_waveform
    return get_features_from_npy_or_audio(_path)
  File "/home/s2324992/miniconda3/envs/test_fairseq/lib/python3.8/site-packages/fairseq/data/audio/audio_utils.py", line 125, in get_features_from_npy_or_audio
    return np.load(path) if ext == ".npy" else get_fbank(path)
  File "/home/s2324992/miniconda3/envs/test_fairseq/lib/python3.8/site-packages/fairseq/data/audio/audio_utils.py", line 231, in get_fbank
    waveform, sample_rate = get_waveform(path_or_fp, normalization=False)
  File "/home/s2324992/miniconda3/envs/test_fairseq/lib/python3.8/site-packages/fairseq/data/audio/audio_utils.py", line 100, in get_waveform
    raise ImportError("Please install soundfile: pip install soundfile")
ImportError: Please install soundfile: pip install soundfile
